<?xml version="1.0" encoding="UTF-8"?>
<coverage generated="1713893024329" clover="3.2.0">
  <project timestamp="1713893024329" name="All files">
    <metrics statements="33" coveredstatements="30" conditionals="2" coveredconditionals="2" methods="0" coveredmethods="0" elements="35" coveredelements="32" complexity="0" loc="33" ncloc="33" packages="1" files="2" classes="2"/>
    <file name="routes.ts" path="/Users/tom.eriksson/Documents/GitHub/express-mongo-boilerplate/express-mongo-boilerplate/src/app/routes.ts">
      <metrics statements="21" coveredstatements="18" conditionals="1" coveredconditionals="1" methods="0" coveredmethods="0"/>
      <line num="1" count="1" type="stmt"/>
      <line num="2" count="1" type="stmt"/>
      <line num="3" count="1" type="stmt"/>
      <line num="4" count="1" type="stmt"/>
      <line num="5" count="1" type="cond" truecount="1" falsecount="0"/>
      <line num="6" count="1" type="stmt"/>
      <line num="7" count="1" type="stmt"/>
      <line num="8" count="1" type="stmt"/>
      <line num="9" count="1" type="stmt"/>
      <line num="10" count="0" type="stmt"/>
      <line num="11" count="1" type="stmt"/>
      <line num="12" count="1" type="stmt"/>
      <line num="13" count="1" type="stmt"/>
      <line num="14" count="0" type="stmt"/>
      <line num="15" count="1" type="stmt"/>
      <line num="16" count="1" type="stmt"/>
      <line num="17" count="1" type="stmt"/>
      <line num="18" count="0" type="stmt"/>
      <line num="19" count="1" type="stmt"/>
      <line num="20" count="1" type="stmt"/>
      <line num="21" count="1" type="stmt"/>
    </file>
    <file name="server.ts" path="/Users/tom.eriksson/Documents/GitHub/express-mongo-boilerplate/express-mongo-boilerplate/src/app/server.ts">
      <metrics statements="12" coveredstatements="12" conditionals="1" coveredconditionals="1" methods="0" coveredmethods="0"/>
      <line num="1" count="1" type="stmt"/>
      <line num="2" count="1" type="stmt"/>
      <line num="3" count="1" type="stmt"/>
      <line num="4" count="1" type="stmt"/>
      <line num="5" count="1" type="stmt"/>
      <line num="6" count="1" type="stmt"/>
      <line num="7" count="1" type="stmt"/>
      <line num="8" count="1" type="cond" truecount="1" falsecount="0"/>
      <line num="9" count="1" type="stmt"/>
      <line num="10" count="1" type="stmt"/>
      <line num="11" count="1" type="stmt"/>
      <line num="12" count="1" type="stmt"/>
    </file>
  </project>
</coverage>
